27 = 
66 = w&LEr|cgJ<
ECHO: 

11 = pfl:qN]O
27 = 
42 = 
66 = w&LEr|cgJ<
93 = 
144 = 
148 = 
171 = Va

ECHO: 7w0:"

ECHO: "LO{%JJ]
Va
ECHO: ,a%yH|-0S>t|@{liz



ECHO: RZ>HQ$Odxb|xnuRlU|[6
8Dy2
ECHO: bHU;Q5S|fHrmV|}>id$]S
ECHO: ;
'al]UWj

9 = 'al]UWj
11 = pfl:qN]O
12 = 
27 = 
42 = 
58 = 
66 = w&LEr|cgJ<
102 = fTw
112 = Va
128 = =[lE}UFPs
135 = S<U+7wUZFC
136 = 8Dy2
141 = 
144 = 
148 = 
154 = 
158 = 
168 = =[lE}UFPs
171 = Va
182 = 
192 = 'al]UWj
228 = |:|-c4ysN
230 = A:{SJ,q-0
ECHO: bP]G.TQ
ECHO: 
ECHO: 
9 = 'al]UWj
11 = pfl:qN]O
12 = 
21 = 
27 = 
42 = 
52 = fTw
58 = 
66 = w&LEr|cgJ<
89 = 
102 = fTw
112 = Va
128 = =[lE}UFPs
134 = 5K'2kzV_4
135 = S<U+7wUZFC
136 = 8Dy2
141 = 
144 = 
148 = 
154 = 
156 = fTw
158 = 
168 = =[lE}UFPs
171 = 2_
182 = A:{SJ,q-0
192 = 'al]UWj
228 = |:|-c4ysN
230 = A:{SJ,q-0
234 = lX
238 = w
9 = 'al]UWj
11 = pfl:qN]O
12 = 
21 = 
27 = 
42 = 
52 = fTw
58 = 
66 = w&LEr|cgJ<
89 = 
102 = fTw
107 = -3-
112 = Va
128 = =[lE}UFPs
134 = 5K'2kzV_4
135 = S<U+7wUZFC
136 = 8Dy2
141 = 
144 = 
148 = 
154 = 
156 = fTw
158 = 
168 = =[lE}UFPs
171 = 2_
182 = A:{SJ,q-0
192 = 'al]UWj
228 = |:|-c4ysN
230 = A:{SJ,q-0
234 = lX
238 = w
ECHO: 
9 = 'al]UWj
11 = pfl:qN]O
12 = 
21 = 
27 = 
42 = 
52 = fTw
58 = 
66 = w&LEr|cgJ<
89 = 
90 = e
102 = fTw
107 = -3-
112 = Va
128 = =[lE}UFPs
134 = 5K'2kzV_4
135 = S<U+7wUZFC
136 = 8Dy2
141 = 
144 = 
148 = 
154 = 
156 = fTw
158 = 
168 = =[lE}UFPs
171 = 2_
182 = A:{SJ,q-0
192 = 'al]UWj
228 = |:|-c4ysN
230 = A:{SJ,q-0
234 = lX
238 = w
9 = 'al]UWj
11 = pfl:qN]O
12 = 
21 = 
27 = 
42 = 
52 = fTw
58 = 
66 = w&LEr|cgJ<
89 = 
90 = e
102 = fTw
107 = -3-
112 = Va
128 = =[lE}UFPs
134 = 5K'2kzV_4
135 = S<U+7wUZFC
136 = 8Dy2
141 = 
144 = 
148 = 
154 = 
156 = fTw
158 = 
168 = =[lE}UFPs
171 = 2_
182 = A:{SJ,q-0
192 = 'al]UWj
228 = |:|-c4ysN
230 = A:{SJ,q-0
234 = lX
238 = w
ECHO: MA:avyqY|<j#o=<
ECHO: hlleJ;m_|A_8/H]rp|&&2y
ECHO: 
ECHO: 4:vIt3EfN)|
ECHO: 
ECHO: .fGOCr8LG|ZfdfulEG|1F4u
ECHO: 
5OD`
ECHO: U*F\|_hLk6IWiZ
ECHO: AACDb;?_u&|]|o9_D]3k3%
ECHO: 
ECHO: 8|/deF'"[|3,
0%wu
